<?xml version="1.0" encoding="UTF-8"?>
<!-- Generated by org.testng.reporters.JUnitReportReporter -->
<testsuite hostname="DESKTOP-BTIPOCU" name="com.sylviayu.testcases.TCGoogle" tests="10" failures="0" timestamp="9 Oct 2018 14:11:50 GMT" time="93.040" errors="0">
  <testcase name="TCGoogle_Smoke_007" time="8.747" classname="com.sylviayu.testcases.TCGoogle"/>
  <testcase name="TCGoogle_Smoke_005" time="7.851" classname="com.sylviayu.testcases.TCGoogle"/>
  <testcase name="TCGoogle_Smoke_010" time="8.953" classname="com.sylviayu.testcases.TCGoogle"/>
  <testcase name="TCGoogle_Smoke_006" time="9.036" classname="com.sylviayu.testcases.TCGoogle"/>
  <testcase name="TCGoogle_Smoke_008" time="11.286" classname="com.sylviayu.testcases.TCGoogle"/>
  <testcase name="TCGoogle_Smoke_001" time="9.298" classname="com.sylviayu.testcases.TCGoogle"/>
  <testcase name="TCGoogle_Smoke_009" time="8.228" classname="com.sylviayu.testcases.TCGoogle"/>
  <testcase name="TCGoogle_Smoke_003" time="10.945" classname="com.sylviayu.testcases.TCGoogle"/>
  <testcase name="TCGoogle_Smoke_002" time="8.892" classname="com.sylviayu.testcases.TCGoogle"/>
  <testcase name="TCGoogle_Smoke_004" time="9.804" classname="com.sylviayu.testcases.TCGoogle"/>
</testsuite> <!-- com.sylviayu.testcases.TCGoogle -->
